<?xml version="1.0" encoding="UTF-8"?>
<testng-results skipped="0" failed="0" ignored="0" total="1" passed="1">
  <reporter-output>
  </reporter-output>
  <suite name="Default suite" duration-ms="17970" started-at="2020-01-10T19:52:01Z" finished-at="2020-01-10T19:52:19Z">
    <groups>
    </groups>
    <test name="Default test" duration-ms="17970" started-at="2020-01-10T19:52:01Z" finished-at="2020-01-10T19:52:19Z">
      <class name="PriceComparision.IphonePriceComparision">
        <test-method status="PASS" signature="setup()[pri:0, instance:PriceComparision.IphonePriceComparision@5dfcfece]" name="setup" is-config="true" duration-ms="2833" started-at="2020-01-11T01:22:01Z" finished-at="2020-01-11T01:22:04Z">
          <reporter-output>
          </reporter-output>
        </test-method> <!-- setup -->
        <test-method status="PASS" signature="comparePrice()[pri:0, instance:PriceComparision.IphonePriceComparision@5dfcfece]" name="comparePrice" duration-ms="15113" started-at="2020-01-11T01:22:04Z" finished-at="2020-01-11T01:22:19Z">
          <reporter-output>
          </reporter-output>
        </test-method> <!-- comparePrice -->
      </class> <!-- PriceComparision.IphonePriceComparision -->
    </test> <!-- Default test -->
  </suite> <!-- Default suite -->
</testng-results>
